2024-06-11 09:05:08,157 - train - INFO - Initiated RFC trainer
2024-06-11 09:05:08,158 - train - INFO - Entered the try structure in train.py
2024-06-11 09:05:08,158 - train - INFO - Entered the download_datasets function.
2024-06-11 09:05:08,175 - train - INFO - dataset_folder from download_datasets(): ../data/heartbeat
2024-06-11 09:05:28,255 - train - INFO - Datasets are downloaded and unzipped.
2024-06-11 09:05:28,261 - train - INFO - Datasets downloaded to ../data/
2024-06-11 09:05:38,503 - train - INFO - All test and train sets successfully prepared.
2024-06-11 09:05:38,507 - train - INFO - Datasets prepared from ../data/heartbeat/
2024-06-11 09:05:38,508 - train - INFO - Data load successful
2024-06-11 09:05:38,508 - train - INFO - ----------------------------------------------------------
2024-06-11 09:05:38,697 - train - INFO - RFC model train successful
2024-06-11 09:05:38,912 - train - INFO - relative_model_path from register_model(): RFC_Ptbdb
2024-06-11 09:05:44,807 - train - INFO - ------------------------------Model training successful---------------------------------
2024-06-11 09:05:44,853 - train - INFO - Initiated RFC trainer
2024-06-11 09:05:44,854 - train - INFO - Entered the try structure in train.py
2024-06-11 09:05:44,854 - train - INFO - Entered the download_datasets function.
2024-06-11 09:05:44,870 - train - INFO - dataset_folder from download_datasets(): ../data/heartbeat
2024-06-11 09:05:44,872 - train - INFO - All Datasets are already available.
2024-06-11 09:05:44,875 - train - INFO - Datasets downloaded to ../data/
2024-06-11 09:05:44,877 - train - INFO - Using cached datasets
2024-06-11 09:05:44,877 - train - INFO - Datasets prepared from ../data/heartbeat/
2024-06-11 09:05:44,878 - train - INFO - Data load successful
2024-06-11 09:05:44,878 - train - INFO - ----------------------------------------------------------
2024-06-11 09:05:47,722 - train - INFO - RFC model train successful
2024-06-11 09:05:47,892 - train - INFO - relative_model_path from register_model(): RFC_Ptbdb
2024-06-11 09:05:51,948 - train - INFO - ------------------------------Model training successful---------------------------------
2024-06-11 09:05:52,059 - update - INFO - Versions found in set_deployment_alias: [<ModelVersion: aliases=[], creation_timestamp=1718096751895, current_stage='None', description='', last_updated_timestamp=1718096751895, name='RFC_Ptbdb', run_id='78cabf48343944919d3f19c51fbbd0d6', run_link='', source='/mlruns/319352880665184137/78cabf48343944919d3f19c51fbbd0d6/artifacts/RFC_Ptbdb', status='READY', status_message='', tags={}, user_id='', version='15'>, <ModelVersion: aliases=[], creation_timestamp=1718096744757, current_stage='None', description='', last_updated_timestamp=1718096744757, name='RFC_Ptbdb', run_id='d1cb02de61394a4ba5323c7bb0846573', run_link='', source='/mlruns/319352880665184137/d1cb02de61394a4ba5323c7bb0846573/artifacts/RFC_Ptbdb', status='READY', status_message='', tags={}, user_id='', version='14'>, <ModelVersion: aliases=['not_deployment_13'], creation_timestamp=1718021002175, current_stage='None', description='', last_updated_timestamp=1718021002175, name='RFC_Ptbdb', run_id='b46d249129d24980aa27e17244e2b2bf', run_link='', source='/mlruns/319352880665184137/b46d249129d24980aa27e17244e2b2bf/artifacts/RFC_Ptbdb', status='READY', status_message='', tags={}, user_id='', version='13'>, <ModelVersion: aliases=['not_deployment_12'], creation_timestamp=1718020998288, current_stage='None', description='', last_updated_timestamp=1718020998288, name='RFC_Ptbdb', run_id='50b85a263ecb4b6e8870ce891bb33b88', run_link='', source='/mlruns/319352880665184137/50b85a263ecb4b6e8870ce891bb33b88/artifacts/RFC_Ptbdb', status='READY', status_message='', tags={}, user_id='', version='12'>, <ModelVersion: aliases=['deployment'], creation_timestamp=1718020972781, current_stage='None', description='', last_updated_timestamp=1718020972781, name='RFC_Ptbdb', run_id='f6d4d834cc8a4685ab12649efa789852', run_link='', source='/mlruns/319352880665184137/f6d4d834cc8a4685ab12649efa789852/artifacts/RFC_Ptbdb', status='READY', status_message='', tags={}, user_id='', version='11'>, <ModelVersion: aliases=['not_deployment_10'], creation_timestamp=1718020968694, current_stage='None', description='', last_updated_timestamp=1718020968694, name='RFC_Ptbdb', run_id='581a51294cde4806b2b16adecf27cc80', run_link='', source='/mlruns/319352880665184137/581a51294cde4806b2b16adecf27cc80/artifacts/RFC_Ptbdb', status='READY', status_message='', tags={}, user_id='', version='10'>, <ModelVersion: aliases=['not_deployment_9'], creation_timestamp=1717756766843, current_stage='None', description='', last_updated_timestamp=1717756766843, name='RFC_Ptbdb', run_id='d4a5344459234e6cbc2ace937e41063a', run_link='', source='/mlruns/319352880665184137/d4a5344459234e6cbc2ace937e41063a/artifacts/RFC_Ptbdb', status='READY', status_message='', tags={}, user_id='', version='9'>, <ModelVersion: aliases=['not_deployment_8'], creation_timestamp=1717756759053, current_stage='None', description='', last_updated_timestamp=1717756759053, name='RFC_Ptbdb', run_id='d8dea71d4c1b45a3be247dd30919ece9', run_link='', source='/mlruns/319352880665184137/d8dea71d4c1b45a3be247dd30919ece9/artifacts/RFC_Ptbdb', status='READY', status_message='', tags={}, user_id='', version='8'>, <ModelVersion: aliases=['not_deployment_7'], creation_timestamp=1717756723769, current_stage='None', description='', last_updated_timestamp=1717756723769, name='RFC_Ptbdb', run_id='c6fb6c797d59492eaf32c7cfe50af353', run_link='', source='/mlruns/319352880665184137/c6fb6c797d59492eaf32c7cfe50af353/artifacts/RFC_Ptbdb', status='READY', status_message='', tags={}, user_id='', version='7'>, <ModelVersion: aliases=['not_deployment_6'], creation_timestamp=1717756719218, current_stage='None', description='', last_updated_timestamp=1717756719218, name='RFC_Ptbdb', run_id='df38d91b1ef4435b80639a14a74d98fc', run_link='', source='/mlruns/319352880665184137/df38d91b1ef4435b80639a14a74d98fc/artifacts/RFC_Ptbdb', status='READY', status_message='', tags={}, user_id='', version='6'>, <ModelVersion: aliases=['not_deployment_5'], creation_timestamp=1717756080923, current_stage='None', description='', last_updated_timestamp=1717756080923, name='RFC_Ptbdb', run_id='7c8fdf1749eb4fba92f9b44857561cbc', run_link='', source='/mlruns/319352880665184137/7c8fdf1749eb4fba92f9b44857561cbc/artifacts/RFC_Ptbdb', status='READY', status_message='', tags={}, user_id='', version='5'>, <ModelVersion: aliases=['not_deployment_4'], creation_timestamp=1717756076823, current_stage='None', description='', last_updated_timestamp=1717756076823, name='RFC_Ptbdb', run_id='7bc9d3e0b06545cfb95a5dbc08f6f7f7', run_link='', source='/mlruns/319352880665184137/7bc9d3e0b06545cfb95a5dbc08f6f7f7/artifacts/RFC_Ptbdb', status='READY', status_message='', tags={}, user_id='', version='4'>, <ModelVersion: aliases=['not_deployment_3'], creation_timestamp=1717754399847, current_stage='None', description='', last_updated_timestamp=1717754399847, name='RFC_Ptbdb', run_id='e7bd5ec535da453ba082db5754c5a4d6', run_link='', source='/mlruns/319352880665184137/e7bd5ec535da453ba082db5754c5a4d6/artifacts/RFC_Ptbdb', status='READY', status_message='', tags={}, user_id='', version='3'>, <ModelVersion: aliases=['not_deployment_2'], creation_timestamp=1717750559735, current_stage='None', description='', last_updated_timestamp=1717750559735, name='RFC_Ptbdb', run_id='a80b4eb911304c42a8a15270cd95fa59', run_link='', source='/mlruns/319352880665184137/a80b4eb911304c42a8a15270cd95fa59/artifacts/RFC_Ptbdb', status='READY', status_message='', tags={}, user_id='', version='2'>, <ModelVersion: aliases=['not_deployment_1'], creation_timestamp=1717750542859, current_stage='None', description='', last_updated_timestamp=1717750542859, name='RFC_Ptbdb', run_id='58ff4ea7af4e4a5faa794ade362f027f', run_link='', source='/mlruns/319352880665184137/58ff4ea7af4e4a5faa794ade362f027f/artifacts/RFC_Ptbdb', status='READY', status_message='', tags={}, user_id='', version='1'>]
2024-06-11 09:05:52,060 - update - INFO - run_id from function set_deployment_alias: 78cabf48343944919d3f19c51fbbd0d6
2024-06-11 09:05:52,070 - update - INFO - run from client.get_run() inside set_deployment_alias(): <Run: data=<RunData: metrics={'accuracy': 0.9708631115997801}, params={'dataset': 'Ptbdb', 'model_name': 'RFC_Ptbdb'}, tags={'mlflow.log-model.history': '[{"run_id": "78cabf48343944919d3f19c51fbbd0d6", '
                             '"artifact_path": "RFC_Ptbdb", '
                             '"utc_time_created": "2024-06-11 '
                             '09:05:47.892884", "flavors": {"python_function": '
                             '{"model_path": "model.pkl", "predict_fn": '
                             '"predict", "loader_module": "mlflow.sklearn", '
                             '"python_version": "3.11.0", "env": {"conda": '
                             '"conda.yaml", "virtualenv": "python_env.yaml"}}, '
                             '"sklearn": {"pickled_model": "model.pkl", '
                             '"sklearn_version": "1.5.0", '
                             '"serialization_format": "cloudpickle", "code": '
                             'null}}, "model_uuid": '
                             '"c69aceabc29b4425a2f87f05ef04d76a", '
                             '"mlflow_version": "2.13.1", "model_size_bytes": '
                             '7863188}]',
 'mlflow.runName': 'unleashed-dolphin-85',
 'mlflow.source.name': '/usr/local/bin/uvicorn',
 'mlflow.source.type': 'LOCAL',
 'mlflow.user': 'root'}>, info=<RunInfo: artifact_uri='/mlruns/319352880665184137/78cabf48343944919d3f19c51fbbd0d6/artifacts', end_time=1718096751940, experiment_id='319352880665184137', lifecycle_stage='active', run_id='78cabf48343944919d3f19c51fbbd0d6', run_name='unleashed-dolphin-85', run_uuid='78cabf48343944919d3f19c51fbbd0d6', start_time=1718096747857, status='FINISHED', user_id='root'>, inputs=<RunInputs: dataset_inputs=[]>>
2024-06-11 09:05:52,070 - update - INFO - metrics from run.data.metrics inside set_deployment_alias: {'accuracy': 0.9708631115997801}
2024-06-11 09:05:52,071 - update - INFO - run_id from function set_deployment_alias: d1cb02de61394a4ba5323c7bb0846573
2024-06-11 09:05:52,083 - update - INFO - run from client.get_run() inside set_deployment_alias(): <Run: data=<RunData: metrics={'accuracy': 0.8963716327652557}, params={'dataset': 'Ptbdb', 'model_name': 'RFC_Ptbdb'}, tags={'mlflow.log-model.history': '[{"run_id": "d1cb02de61394a4ba5323c7bb0846573", '
                             '"artifact_path": "RFC_Ptbdb", '
                             '"utc_time_created": "2024-06-11 '
                             '09:05:38.935946", "flavors": {"python_function": '
                             '{"model_path": "model.pkl", "predict_fn": '
                             '"predict", "loader_module": "mlflow.sklearn", '
                             '"python_version": "3.11.0", "env": {"conda": '
                             '"conda.yaml", "virtualenv": "python_env.yaml"}}, '
                             '"sklearn": {"pickled_model": "model.pkl", '
                             '"sklearn_version": "1.5.0", '
                             '"serialization_format": "cloudpickle", "code": '
                             'null}}, "model_uuid": '
                             '"3cfbae49d06b430cb7c565668a2e7fd6", '
                             '"mlflow_version": "2.13.1", "model_size_bytes": '
                             '79183}]',
 'mlflow.runName': 'sincere-robin-694',
 'mlflow.source.name': '/usr/local/bin/uvicorn',
 'mlflow.source.type': 'LOCAL',
 'mlflow.user': 'root'}>, info=<RunInfo: artifact_uri='/mlruns/319352880665184137/d1cb02de61394a4ba5323c7bb0846573/artifacts', end_time=1718096744799, experiment_id='319352880665184137', lifecycle_stage='active', run_id='d1cb02de61394a4ba5323c7bb0846573', run_name='sincere-robin-694', run_uuid='d1cb02de61394a4ba5323c7bb0846573', start_time=1718096738874, status='FINISHED', user_id='root'>, inputs=<RunInputs: dataset_inputs=[]>>
2024-06-11 09:05:52,084 - update - INFO - metrics from run.data.metrics inside set_deployment_alias: {'accuracy': 0.8963716327652557}
2024-06-11 09:05:52,084 - update - INFO - run_id from function set_deployment_alias: b46d249129d24980aa27e17244e2b2bf
2024-06-11 09:05:52,099 - update - INFO - run from client.get_run() inside set_deployment_alias(): <Run: data=<RunData: metrics={'accuracy': 0.9703133589884552}, params={'dataset': 'Ptbdb', 'model_name': 'RFC_Ptbdb'}, tags={'mlflow.log-model.history': '[{"run_id": "b46d249129d24980aa27e17244e2b2bf", '
                             '"artifact_path": "RFC_Ptbdb", '
                             '"utc_time_created": "2024-06-10 '
                             '12:03:19.946834", "flavors": {"python_function": '
                             '{"model_path": "model.pkl", "predict_fn": '
                             '"predict", "loader_module": "mlflow.sklearn", '
                             '"python_version": "3.11.0", "env": {"conda": '
                             '"conda.yaml", "virtualenv": "python_env.yaml"}}, '
                             '"sklearn": {"pickled_model": "model.pkl", '
                             '"sklearn_version": "1.5.0", '
                             '"serialization_format": "cloudpickle", "code": '
                             'null}}, "model_uuid": '
                             '"2c1322f9b443463a8cb5546c621f1647", '
                             '"mlflow_version": "2.13.1", "model_size_bytes": '
                             '7865748}]',
 'mlflow.runName': 'angry-squid-275',
 'mlflow.source.name': '/usr/local/bin/uvicorn',
 'mlflow.source.type': 'LOCAL',
 'mlflow.user': 'root'}>, info=<RunInfo: artifact_uri='/mlruns/319352880665184137/b46d249129d24980aa27e17244e2b2bf/artifacts', end_time=1718021002204, experiment_id='319352880665184137', lifecycle_stage='active', run_id='b46d249129d24980aa27e17244e2b2bf', run_name='angry-squid-275', run_uuid='b46d249129d24980aa27e17244e2b2bf', start_time=1718020999921, status='FINISHED', user_id='root'>, inputs=<RunInputs: dataset_inputs=[]>>
2024-06-11 09:05:52,100 - update - INFO - metrics from run.data.metrics inside set_deployment_alias: {'accuracy': 0.9703133589884552}
2024-06-11 09:05:52,100 - update - INFO - run_id from function set_deployment_alias: 50b85a263ecb4b6e8870ce891bb33b88
2024-06-11 09:05:52,114 - update - INFO - run from client.get_run() inside set_deployment_alias(): <Run: data=<RunData: metrics={'accuracy': 0.8952721275426059}, params={'dataset': 'Ptbdb', 'model_name': 'RFC_Ptbdb'}, tags={'mlflow.log-model.history': '[{"run_id": "50b85a263ecb4b6e8870ce891bb33b88", '
                             '"artifact_path": "RFC_Ptbdb", '
                             '"utc_time_created": "2024-06-10 '
                             '12:03:16.120803", "flavors": {"python_function": '
                             '{"model_path": "model.pkl", "predict_fn": '
                             '"predict", "loader_module": "mlflow.sklearn", '
                             '"python_version": "3.11.0", "env": {"conda": '
                             '"conda.yaml", "virtualenv": "python_env.yaml"}}, '
                             '"sklearn": {"pickled_model": "model.pkl", '
                             '"sklearn_version": "1.5.0", '
                             '"serialization_format": "cloudpickle", "code": '
                             'null}}, "model_uuid": '
                             '"c114b647c4c84d84ac32c7af6a816063", '
                             '"mlflow_version": "2.13.1", "model_size_bytes": '
                             '86543}]',
 'mlflow.runName': 'capable-skunk-435',
 'mlflow.source.name': '/usr/local/bin/uvicorn',
 'mlflow.source.type': 'LOCAL',
 'mlflow.user': 'root'}>, info=<RunInfo: artifact_uri='/mlruns/319352880665184137/50b85a263ecb4b6e8870ce891bb33b88/artifacts', end_time=1718020998314, experiment_id='319352880665184137', lifecycle_stage='active', run_id='50b85a263ecb4b6e8870ce891bb33b88', run_name='capable-skunk-435', run_uuid='50b85a263ecb4b6e8870ce891bb33b88', start_time=1718020996090, status='FINISHED', user_id='root'>, inputs=<RunInputs: dataset_inputs=[]>>
2024-06-11 09:05:52,115 - update - INFO - metrics from run.data.metrics inside set_deployment_alias: {'accuracy': 0.8952721275426059}
2024-06-11 09:05:52,115 - update - INFO - run_id from function set_deployment_alias: f6d4d834cc8a4685ab12649efa789852
2024-06-11 09:05:52,129 - update - INFO - run from client.get_run() inside set_deployment_alias(): <Run: data=<RunData: metrics={'accuracy': 0.9733369983507422}, params={'dataset': 'Ptbdb', 'model_name': 'RFC_Ptbdb'}, tags={'mlflow.log-model.history': '[{"run_id": "f6d4d834cc8a4685ab12649efa789852", '
                             '"artifact_path": "RFC_Ptbdb", '
                             '"utc_time_created": "2024-06-10 '
                             '12:02:50.383251", "flavors": {"python_function": '
                             '{"model_path": "model.pkl", "predict_fn": '
                             '"predict", "loader_module": "mlflow.sklearn", '
                             '"python_version": "3.11.0", "env": {"conda": '
                             '"conda.yaml", "virtualenv": "python_env.yaml"}}, '
                             '"sklearn": {"pickled_model": "model.pkl", '
                             '"sklearn_version": "1.5.0", '
                             '"serialization_format": "cloudpickle", "code": '
                             'null}}, "model_uuid": '
                             '"1c4fe649827a46a4a529e5d85c915ef7", '
                             '"mlflow_version": "2.13.1", "model_size_bytes": '
                             '7979348}]',
 'mlflow.runName': 'skittish-crab-402',
 'mlflow.source.name': '/usr/local/bin/uvicorn',
 'mlflow.source.type': 'LOCAL',
 'mlflow.user': 'root'}>, info=<RunInfo: artifact_uri='/mlruns/319352880665184137/f6d4d834cc8a4685ab12649efa789852/artifacts', end_time=1718020972818, experiment_id='319352880665184137', lifecycle_stage='active', run_id='f6d4d834cc8a4685ab12649efa789852', run_name='skittish-crab-402', run_uuid='f6d4d834cc8a4685ab12649efa789852', start_time=1718020970354, status='FINISHED', user_id='root'>, inputs=<RunInputs: dataset_inputs=[]>>
2024-06-11 09:05:52,130 - update - INFO - metrics from run.data.metrics inside set_deployment_alias: {'accuracy': 0.9733369983507422}
2024-06-11 09:05:52,130 - update - INFO - run_id from function set_deployment_alias: 581a51294cde4806b2b16adecf27cc80
2024-06-11 09:05:52,139 - update - INFO - run from client.get_run() inside set_deployment_alias(): <Run: data=<RunData: metrics={'accuracy': 0.8936228697086311}, params={'dataset': 'Ptbdb', 'model_name': 'RFC_Ptbdb'}, tags={'mlflow.log-model.history': '[{"run_id": "581a51294cde4806b2b16adecf27cc80", '
                             '"artifact_path": "RFC_Ptbdb", '
                             '"utc_time_created": "2024-06-10 '
                             '12:02:46.044785", "flavors": {"python_function": '
                             '{"model_path": "model.pkl", "predict_fn": '
                             '"predict", "loader_module": "mlflow.sklearn", '
                             '"python_version": "3.11.0", "env": {"conda": '
                             '"conda.yaml", "virtualenv": "python_env.yaml"}}, '
                             '"sklearn": {"pickled_model": "model.pkl", '
                             '"sklearn_version": "1.5.0", '
                             '"serialization_format": "cloudpickle", "code": '
                             'null}}, "model_uuid": '
                             '"cb8a1b223c8447e5be11340d4a5f5e73", '
                             '"mlflow_version": "2.13.1", "model_size_bytes": '
                             '80623}]',
 'mlflow.runName': 'sneaky-squirrel-52',
 'mlflow.source.name': '/usr/local/bin/uvicorn',
 'mlflow.source.type': 'LOCAL',
 'mlflow.user': 'root'}>, info=<RunInfo: artifact_uri='/mlruns/319352880665184137/581a51294cde4806b2b16adecf27cc80/artifacts', end_time=1718020968732, experiment_id='319352880665184137', lifecycle_stage='active', run_id='581a51294cde4806b2b16adecf27cc80', run_name='sneaky-squirrel-52', run_uuid='581a51294cde4806b2b16adecf27cc80', start_time=1718020965984, status='FINISHED', user_id='root'>, inputs=<RunInputs: dataset_inputs=[]>>
2024-06-11 09:05:52,139 - update - INFO - metrics from run.data.metrics inside set_deployment_alias: {'accuracy': 0.8936228697086311}
2024-06-11 09:05:52,140 - update - INFO - run_id from function set_deployment_alias: d4a5344459234e6cbc2ace937e41063a
2024-06-11 09:05:52,152 - update - INFO - run from client.get_run() inside set_deployment_alias(): <Run: data=<RunData: metrics={'accuracy': 0.9730621220450797}, params={'dataset': 'Ptbdb', 'model_name': 'RFC_Ptbdb'}, tags={'mlflow.log-model.history': '[{"run_id": "d4a5344459234e6cbc2ace937e41063a", '
                             '"artifact_path": "RFC_Ptbdb", '
                             '"utc_time_created": "2024-06-07 '
                             '10:39:21.580383", "flavors": {"python_function": '
                             '{"model_path": "model.pkl", "predict_fn": '
                             '"predict", "loader_module": "mlflow.sklearn", '
                             '"python_version": "3.11.0", "env": {"conda": '
                             '"conda.yaml", "virtualenv": "python_env.yaml"}}, '
                             '"sklearn": {"pickled_model": "model.pkl", '
                             '"sklearn_version": "1.5.0", '
                             '"serialization_format": "cloudpickle", "code": '
                             'null}}, "model_uuid": '
                             '"63223628fa744165a45d880d2642ec89", '
                             '"mlflow_version": "2.13.1", "model_size_bytes": '
                             '7891988}]',
 'mlflow.runName': 'angry-fish-611',
 'mlflow.source.name': '/usr/local/bin/uvicorn',
 'mlflow.source.type': 'LOCAL',
 'mlflow.user': 'root'}>, info=<RunInfo: artifact_uri='/mlruns/319352880665184137/d4a5344459234e6cbc2ace937e41063a/artifacts', end_time=1717756766896, experiment_id='319352880665184137', lifecycle_stage='active', run_id='d4a5344459234e6cbc2ace937e41063a', run_name='angry-fish-611', run_uuid='d4a5344459234e6cbc2ace937e41063a', start_time=1717756761524, status='FINISHED', user_id='root'>, inputs=<RunInputs: dataset_inputs=[]>>
2024-06-11 09:05:52,152 - update - INFO - metrics from run.data.metrics inside set_deployment_alias: {'accuracy': 0.9730621220450797}
2024-06-11 09:05:52,152 - update - INFO - run_id from function set_deployment_alias: d8dea71d4c1b45a3be247dd30919ece9
2024-06-11 09:05:52,164 - update - INFO - run from client.get_run() inside set_deployment_alias(): <Run: data=<RunData: metrics={'accuracy': 0.8845519516217702}, params={'dataset': 'Ptbdb', 'model_name': 'RFC_Ptbdb'}, tags={'mlflow.log-model.history': '[{"run_id": "d8dea71d4c1b45a3be247dd30919ece9", '
                             '"artifact_path": "RFC_Ptbdb", '
                             '"utc_time_created": "2024-06-07 '
                             '10:39:13.993542", "flavors": {"python_function": '
                             '{"model_path": "model.pkl", "predict_fn": '
                             '"predict", "loader_module": "mlflow.sklearn", '
                             '"python_version": "3.11.0", "env": {"conda": '
                             '"conda.yaml", "virtualenv": "python_env.yaml"}}, '
                             '"sklearn": {"pickled_model": "model.pkl", '
                             '"sklearn_version": "1.5.0", '
                             '"serialization_format": "cloudpickle", "code": '
                             'null}}, "model_uuid": '
                             '"cf716c0c6bf646e0879b4789008481ce", '
                             '"mlflow_version": "2.13.1", "model_size_bytes": '
                             '89103}]',
 'mlflow.runName': 'blushing-donkey-557',
 'mlflow.source.name': '/usr/local/bin/uvicorn',
 'mlflow.source.type': 'LOCAL',
 'mlflow.user': 'root'}>, info=<RunInfo: artifact_uri='/mlruns/319352880665184137/d8dea71d4c1b45a3be247dd30919ece9/artifacts', end_time=1717756759070, experiment_id='319352880665184137', lifecycle_stage='active', run_id='d8dea71d4c1b45a3be247dd30919ece9', run_name='blushing-donkey-557', run_uuid='d8dea71d4c1b45a3be247dd30919ece9', start_time=1717756753936, status='FINISHED', user_id='root'>, inputs=<RunInputs: dataset_inputs=[]>>
2024-06-11 09:05:52,165 - update - INFO - metrics from run.data.metrics inside set_deployment_alias: {'accuracy': 0.8845519516217702}
2024-06-11 09:05:52,165 - update - INFO - run_id from function set_deployment_alias: c6fb6c797d59492eaf32c7cfe50af353
2024-06-11 09:05:52,178 - update - INFO - run from client.get_run() inside set_deployment_alias(): <Run: data=<RunData: metrics={'accuracy': 0.9708631115997801}, params={'dataset': 'Ptbdb', 'model_name': 'RFC_Ptbdb'}, tags={'mlflow.log-model.history': '[{"run_id": "c6fb6c797d59492eaf32c7cfe50af353", '
                             '"artifact_path": "RFC_Ptbdb", '
                             '"utc_time_created": "2024-06-07 '
                             '10:38:41.020717", "flavors": {"python_function": '
                             '{"model_path": "model.pkl", "predict_fn": '
                             '"predict", "loader_module": "mlflow.sklearn", '
                             '"python_version": "3.11.0", "env": {"conda": '
                             '"conda.yaml", "virtualenv": "python_env.yaml"}}, '
                             '"sklearn": {"pickled_model": "model.pkl", '
                             '"sklearn_version": "1.5.0", '
                             '"serialization_format": "cloudpickle", "code": '
                             'null}}, "model_uuid": '
                             '"0a771778b31b4c86b53bf78246cd7d51", '
                             '"mlflow_version": "2.13.1", "model_size_bytes": '
                             '7891348}]',
 'mlflow.runName': 'overjoyed-midge-406',
 'mlflow.source.name': '/usr/local/bin/uvicorn',
 'mlflow.source.type': 'LOCAL',
 'mlflow.user': 'root'}>, info=<RunInfo: artifact_uri='/mlruns/319352880665184137/c6fb6c797d59492eaf32c7cfe50af353/artifacts', end_time=1717756723786, experiment_id='319352880665184137', lifecycle_stage='active', run_id='c6fb6c797d59492eaf32c7cfe50af353', run_name='overjoyed-midge-406', run_uuid='c6fb6c797d59492eaf32c7cfe50af353', start_time=1717756720994, status='FINISHED', user_id='root'>, inputs=<RunInputs: dataset_inputs=[]>>
2024-06-11 09:05:52,178 - update - INFO - metrics from run.data.metrics inside set_deployment_alias: {'accuracy': 0.9708631115997801}
2024-06-11 09:05:52,178 - update - INFO - run_id from function set_deployment_alias: df38d91b1ef4435b80639a14a74d98fc
2024-06-11 09:05:52,190 - update - INFO - run from client.get_run() inside set_deployment_alias(): <Run: data=<RunData: metrics={'accuracy': 0.9024189114898296}, params={'dataset': 'Ptbdb', 'model_name': 'RFC_Ptbdb'}, tags={'mlflow.log-model.history': '[{"run_id": "df38d91b1ef4435b80639a14a74d98fc", '
                             '"artifact_path": "RFC_Ptbdb", '
                             '"utc_time_created": "2024-06-07 '
                             '10:38:35.523375", "flavors": {"python_function": '
                             '{"model_path": "model.pkl", "predict_fn": '
                             '"predict", "loader_module": "mlflow.sklearn", '
                             '"python_version": "3.11.0", "env": {"conda": '
                             '"conda.yaml", "virtualenv": "python_env.yaml"}}, '
                             '"sklearn": {"pickled_model": "model.pkl", '
                             '"sklearn_version": "1.5.0", '
                             '"serialization_format": "cloudpickle", "code": '
                             'null}}, "model_uuid": '
                             '"06ac75988abb4b2f8a432ebf84aa2ba3", '
                             '"mlflow_version": "2.13.1", "model_size_bytes": '
                             '74543}]',
 'mlflow.runName': 'luxuriant-lamb-97',
 'mlflow.source.name': '/usr/local/bin/uvicorn',
 'mlflow.source.type': 'LOCAL',
 'mlflow.user': 'root'}>, info=<RunInfo: artifact_uri='/mlruns/319352880665184137/df38d91b1ef4435b80639a14a74d98fc/artifacts', end_time=1717756719231, experiment_id='319352880665184137', lifecycle_stage='active', run_id='df38d91b1ef4435b80639a14a74d98fc', run_name='luxuriant-lamb-97', run_uuid='df38d91b1ef4435b80639a14a74d98fc', start_time=1717756715487, status='FINISHED', user_id='root'>, inputs=<RunInputs: dataset_inputs=[]>>
2024-06-11 09:05:52,191 - update - INFO - metrics from run.data.metrics inside set_deployment_alias: {'accuracy': 0.9024189114898296}
2024-06-11 09:05:52,191 - update - INFO - run_id from function set_deployment_alias: 7c8fdf1749eb4fba92f9b44857561cbc
2024-06-11 09:05:52,200 - update - INFO - run from client.get_run() inside set_deployment_alias(): <Run: data=<RunData: metrics={'accuracy': 0.9722374931280924}, params={'dataset': 'Ptbdb', 'model_name': 'RFC_Ptbdb'}, tags={'mlflow.log-model.history': '[{"run_id": "7c8fdf1749eb4fba92f9b44857561cbc", '
                             '"artifact_path": "RFC_Ptbdb", '
                             '"utc_time_created": "2024-06-07 '
                             '10:27:58.646484", "flavors": {"python_function": '
                             '{"model_path": "model.pkl", "predict_fn": '
                             '"predict", "loader_module": "mlflow.sklearn", '
                             '"python_version": "3.11.0", "env": {"conda": '
                             '"conda.yaml", "virtualenv": "python_env.yaml"}}, '
                             '"sklearn": {"pickled_model": "model.pkl", '
                             '"sklearn_version": "1.5.0", '
                             '"serialization_format": "cloudpickle", "code": '
                             'null}}, "model_uuid": '
                             '"46f38a13f6a545d8b4babdac4c91c5ca", '
                             '"mlflow_version": "2.13.1", "model_size_bytes": '
                             '7886068}]',
 'mlflow.runName': 'melodic-mole-270',
 'mlflow.source.name': '/usr/local/bin/uvicorn',
 'mlflow.source.type': 'LOCAL',
 'mlflow.user': 'root'}>, info=<RunInfo: artifact_uri='/mlruns/319352880665184137/7c8fdf1749eb4fba92f9b44857561cbc/artifacts', end_time=1717756080936, experiment_id='319352880665184137', lifecycle_stage='active', run_id='7c8fdf1749eb4fba92f9b44857561cbc', run_name='melodic-mole-270', run_uuid='7c8fdf1749eb4fba92f9b44857561cbc', start_time=1717756078619, status='FINISHED', user_id='root'>, inputs=<RunInputs: dataset_inputs=[]>>
2024-06-11 09:05:52,200 - update - INFO - metrics from run.data.metrics inside set_deployment_alias: {'accuracy': 0.9722374931280924}
2024-06-11 09:05:52,200 - update - INFO - run_id from function set_deployment_alias: 7bc9d3e0b06545cfb95a5dbc08f6f7f7
2024-06-11 09:05:52,211 - update - INFO - run from client.get_run() inside set_deployment_alias(): <Run: data=<RunData: metrics={'accuracy': 0.9010445299615173}, params={'dataset': 'Ptbdb', 'model_name': 'RFC_Ptbdb'}, tags={'mlflow.log-model.history': '[{"run_id": "7bc9d3e0b06545cfb95a5dbc08f6f7f7", '
                             '"artifact_path": "RFC_Ptbdb", '
                             '"utc_time_created": "2024-06-07 '
                             '10:27:54.525476", "flavors": {"python_function": '
                             '{"model_path": "model.pkl", "predict_fn": '
                             '"predict", "loader_module": "mlflow.sklearn", '
                             '"python_version": "3.11.0", "env": {"conda": '
                             '"conda.yaml", "virtualenv": "python_env.yaml"}}, '
                             '"sklearn": {"pickled_model": "model.pkl", '
                             '"sklearn_version": "1.5.0", '
                             '"serialization_format": "cloudpickle", "code": '
                             'null}}, "model_uuid": '
                             '"45c77650e00747269663af4cd4365f4c", '
                             '"mlflow_version": "2.13.1", "model_size_bytes": '
                             '78383}]',
 'mlflow.runName': 'mysterious-wolf-452',
 'mlflow.source.name': '/usr/local/bin/uvicorn',
 'mlflow.source.type': 'LOCAL',
 'mlflow.user': 'root'}>, info=<RunInfo: artifact_uri='/mlruns/319352880665184137/7bc9d3e0b06545cfb95a5dbc08f6f7f7/artifacts', end_time=1717756076833, experiment_id='319352880665184137', lifecycle_stage='active', run_id='7bc9d3e0b06545cfb95a5dbc08f6f7f7', run_name='mysterious-wolf-452', run_uuid='7bc9d3e0b06545cfb95a5dbc08f6f7f7', start_time=1717756074499, status='FINISHED', user_id='root'>, inputs=<RunInputs: dataset_inputs=[]>>
2024-06-11 09:05:52,211 - update - INFO - metrics from run.data.metrics inside set_deployment_alias: {'accuracy': 0.9010445299615173}
2024-06-11 09:05:52,212 - update - INFO - run_id from function set_deployment_alias: e7bd5ec535da453ba082db5754c5a4d6
2024-06-11 09:05:52,223 - update - INFO - run from client.get_run() inside set_deployment_alias(): <Run: data=<RunData: metrics={'accuracy': 0.9719626168224299}, params={'dataset': 'Ptbdb', 'model_name': 'RFC_Ptbdb'}, tags={'mlflow.log-model.history': '[{"run_id": "e7bd5ec535da453ba082db5754c5a4d6", '
                             '"artifact_path": "RFC_Ptbdb", '
                             '"utc_time_created": "2024-06-07 '
                             '09:59:42.840618", "flavors": {"python_function": '
                             '{"model_path": "model.pkl", "predict_fn": '
                             '"predict", "loader_module": "mlflow.sklearn", '
                             '"python_version": "3.11.0", "env": {"conda": '
                             '"conda.yaml", "virtualenv": "python_env.yaml"}}, '
                             '"sklearn": {"pickled_model": "model.pkl", '
                             '"sklearn_version": "1.5.0", '
                             '"serialization_format": "cloudpickle", "code": '
                             'null}}, "model_uuid": '
                             '"f77e80dc41ad4c8b9f6bfe74f7047e8d", '
                             '"mlflow_version": "2.13.1", "model_size_bytes": '
                             '7857108}]',
 'mlflow.runName': 'beautiful-snail-629',
 'mlflow.source.name': '/usr/local/bin/uvicorn',
 'mlflow.source.type': 'LOCAL',
 'mlflow.user': 'root'}>, info=<RunInfo: artifact_uri='/mlruns/319352880665184137/e7bd5ec535da453ba082db5754c5a4d6/artifacts', end_time=1717754399884, experiment_id='319352880665184137', lifecycle_stage='active', run_id='e7bd5ec535da453ba082db5754c5a4d6', run_name='beautiful-snail-629', run_uuid='e7bd5ec535da453ba082db5754c5a4d6', start_time=1717754382707, status='FINISHED', user_id='root'>, inputs=<RunInputs: dataset_inputs=[]>>
2024-06-11 09:05:52,223 - update - INFO - metrics from run.data.metrics inside set_deployment_alias: {'accuracy': 0.9719626168224299}
2024-06-11 09:05:52,223 - update - INFO - run_id from function set_deployment_alias: a80b4eb911304c42a8a15270cd95fa59
2024-06-11 09:05:52,232 - update - INFO - run from client.get_run() inside set_deployment_alias(): <Run: data=<RunData: metrics={'accuracy': 0.971412864211105}, params={'dataset': 'Ptbdb', 'model_name': 'RFC_Ptbdb'}, tags={'mlflow.log-model.history': '[{"run_id": "a80b4eb911304c42a8a15270cd95fa59", '
                             '"artifact_path": "RFC_Ptbdb", '
                             '"utc_time_created": "2024-06-07 '
                             '08:55:48.906047", "flavors": {"python_function": '
                             '{"model_path": "model.pkl", "predict_fn": '
                             '"predict", "loader_module": "mlflow.sklearn", '
                             '"python_version": "3.11.0", "env": {"conda": '
                             '"conda.yaml", "virtualenv": "python_env.yaml"}}, '
                             '"sklearn": {"pickled_model": "model.pkl", '
                             '"sklearn_version": "1.5.0", '
                             '"serialization_format": "cloudpickle", "code": '
                             'null}}, "model_uuid": '
                             '"1fc73f038f394d468fbc8fcb62dba00b", '
                             '"mlflow_version": "2.13.1", "model_size_bytes": '
                             '7909108}]',
 'mlflow.runName': 'wise-skink-749',
 'mlflow.source.name': '/usr/local/bin/uvicorn',
 'mlflow.source.type': 'LOCAL',
 'mlflow.user': 'root'}>, info=<RunInfo: artifact_uri='/mlruns/319352880665184137/a80b4eb911304c42a8a15270cd95fa59/artifacts', end_time=1717750559769, experiment_id='319352880665184137', lifecycle_stage='active', run_id='a80b4eb911304c42a8a15270cd95fa59', run_name='wise-skink-749', run_uuid='a80b4eb911304c42a8a15270cd95fa59', start_time=1717750548816, status='FINISHED', user_id='root'>, inputs=<RunInputs: dataset_inputs=[]>>
2024-06-11 09:05:52,232 - update - INFO - metrics from run.data.metrics inside set_deployment_alias: {'accuracy': 0.971412864211105}
2024-06-11 09:05:52,233 - update - INFO - run_id from function set_deployment_alias: 58ff4ea7af4e4a5faa794ade362f027f
2024-06-11 09:05:52,245 - update - INFO - run from client.get_run() inside set_deployment_alias(): <Run: data=<RunData: metrics={'accuracy': 0.903243540406817}, params={'dataset': 'Ptbdb', 'model_name': 'RFC_Ptbdb'}, tags={'mlflow.log-model.history': '[{"run_id": "58ff4ea7af4e4a5faa794ade362f027f", '
                             '"artifact_path": "RFC_Ptbdb", '
                             '"utc_time_created": "2024-06-07 '
                             '08:55:25.406990", "flavors": {"python_function": '
                             '{"model_path": "model.pkl", "predict_fn": '
                             '"predict", "loader_module": "mlflow.sklearn", '
                             '"python_version": "3.11.0", "env": {"conda": '
                             '"conda.yaml", "virtualenv": "python_env.yaml"}}, '
                             '"sklearn": {"pickled_model": "model.pkl", '
                             '"sklearn_version": "1.5.0", '
                             '"serialization_format": "cloudpickle", "code": '
                             'null}}, "model_uuid": '
                             '"1fd008bbfb8a4d84ab68526a2cc71b8a", '
                             '"mlflow_version": "2.13.1", "model_size_bytes": '
                             '73263}]',
 'mlflow.runName': 'beautiful-shad-277',
 'mlflow.source.name': '/usr/local/bin/uvicorn',
 'mlflow.source.type': 'LOCAL',
 'mlflow.user': 'root'}>, info=<RunInfo: artifact_uri='/mlruns/319352880665184137/58ff4ea7af4e4a5faa794ade362f027f/artifacts', end_time=1717750542901, experiment_id='319352880665184137', lifecycle_stage='active', run_id='58ff4ea7af4e4a5faa794ade362f027f', run_name='beautiful-shad-277', run_uuid='58ff4ea7af4e4a5faa794ade362f027f', start_time=1717750525306, status='FINISHED', user_id='root'>, inputs=<RunInputs: dataset_inputs=[]>>
2024-06-11 09:05:52,245 - update - INFO - metrics from run.data.metrics inside set_deployment_alias: {'accuracy': 0.903243540406817}
2024-06-11 09:05:52,245 - update - INFO - Best Version found from function set_deployment alias: 11
2024-06-11 09:05:52,818 - update - INFO - Set 'not_deployment' alias for version 15
2024-06-11 09:05:52,848 - update - INFO - Set 'not_deployment' alias for version 14
2024-06-11 09:05:52,874 - update - INFO - Set 'not_deployment' alias for version 13
2024-06-11 09:05:52,900 - update - INFO - Set 'not_deployment' alias for version 12
2024-06-11 09:05:52,924 - update - INFO - Set 'not_deployment' alias for version 10
2024-06-11 09:05:52,953 - update - INFO - Set 'not_deployment' alias for version 9
2024-06-11 09:05:52,984 - update - INFO - Set 'not_deployment' alias for version 8
2024-06-11 09:05:53,013 - update - INFO - Set 'not_deployment' alias for version 7
2024-06-11 09:05:53,043 - update - INFO - Set 'not_deployment' alias for version 6
2024-06-11 09:05:53,072 - update - INFO - Set 'not_deployment' alias for version 5
2024-06-11 09:05:53,115 - update - INFO - Set 'not_deployment' alias for version 4
2024-06-11 09:05:53,155 - update - INFO - Set 'not_deployment' alias for version 3
2024-06-11 09:05:53,189 - update - INFO - Set 'not_deployment' alias for version 2
2024-06-11 09:05:53,224 - update - INFO - Set 'not_deployment' alias for version 1
2024-06-11 09:05:53,262 - update - INFO - Set version 11 as deployment for model RFC_Ptbdb
2024-06-11 09:05:53,302 - predict - INFO - Received prediction_realtime request with model: RFC_Ptbdb
2024-06-11 09:05:53,303 - predict - INFO - model_uri from load_deployment_model: models:/RFC_Ptbdb@deployment
2024-06-11 09:05:53,727 - predict - INFO - ml_Model loaded successfully with our load_deployment_model function
2024-06-11 09:05:53,743 - predict - INFO - All Datasets are already available.
2024-06-11 09:05:53,748 - predict - INFO - Datasets downloaded to ../data/
2024-06-11 09:06:05,190 - predict - INFO - All test and train sets successfully prepared.
2024-06-11 09:06:05,192 - predict - INFO - Datasets prepared from ../data/heartbeat/
2024-06-11 09:06:05,194 - predict - INFO - random index for random row: 1953
2024-06-11 09:06:05,194 - predict - INFO - Random row selected from test data
2024-06-11 09:06:05,323 - predict - INFO - mlflow.start_run() entered
2024-06-11 09:06:05,342 - predict - INFO - rand_row successfully prepared and beginning to predict.
2024-06-11 09:06:05,342 - predict - INFO - Debug: Entered the predict_with_ml_model function
2024-06-11 09:06:05,395 - predict - INFO - Predictions made successfully.
2024-06-11 09:06:05,396 - predict - INFO - predictions with ML-Model from deployment made successfully
2024-06-11 09:06:05,446 - predict - INFO - Prediction successful: {'prediction': [1.0]}
2024-06-11 09:06:05,446 - predict - INFO - True value: 1.0
2024-06-11 09:06:05,446 - predict - INFO - -------------------------------------------------------------------------------------------------------------
